[2019-05-28 12:39:14] production.ERROR: Flagrow\Upload\Exceptions\InvalidUploadException: No files were uploaded in /data/home/byu6130910001/htdocs/discuss/vendor/flagrow/upload/src/Api/Controllers/UploadController.php:56
Stack trace:
#0 /data/home/byu6130910001/htdocs/discuss/vendor/flarum/core/src/Http/RouteHandlerFactory.php(40): Flagrow\Upload\Api\Controllers\UploadController->handle(Object(Zend\Diactoros\ServerRequest))
#1 /data/home/byu6130910001/htdocs/discuss/vendor/flarum/core/src/Http/Middleware/DispatchRoute.php(67): Flarum\Http\RouteHandlerFactory->Flarum\Http\{closure}(Object(Zend\Diactoros\ServerRequest), Array)
#2 /data/home/byu6130910001/htdocs/discuss/vendor/zendframework/zend-stratigility/src/Next.php(52): Flarum\Http\Middleware\DispatchRoute->process(Object(Zend\Diactoros\ServerRequest), Object(Closure))
#3 /data/home/byu6130910001/htdocs/discuss/vendor/flarum/core/src/Http/Middleware/SetLocale.php(51): Zend\Stratigility\Next->handle(Object(Zend\Diactoros\ServerRequest))
#4 /data/home/byu6130910001/htdocs/discuss/vendor/zendframework/zend-stratigility/src/Next.php(52): Flarum\Http\Middleware\SetLocale->process(Object(Zend\Diactoros\ServerRequest), Object(Zend\Stratigility\Next))
#5 /data/home/byu6130910001/htdocs/discuss/vendor/flarum/core/src/Http/Middleware/AuthenticateWithHeader.php(55): Zend\Stratigility\Next->handle(Object(Zend\Diactoros\ServerRequest))
#6 /data/home/byu6130910001/htdocs/discuss/vendor/zendframework/zend-stratigility/src/Next.php(52): Flarum\Http\Middleware\AuthenticateWithHeader->process(Object(Zend\Diactoros\ServerRequest), Object(Zend\Stratigility\Next))
#7 /data/home/byu6130910001/htdocs/discuss/vendor/flarum/core/src/Http/Middleware/AuthenticateWithSession.php(34): Zend\Stratigility\Next->handle(Object(Zend\Diactoros\ServerRequest))
#8 /data/home/byu6130910001/htdocs/discuss/vendor/zendframework/zend-stratigility/src/Next.php(52): Flarum\Http\Middleware\AuthenticateWithSession->process(Object(Zend\Diactoros\ServerRequest), Object(Zend\Stratigility\Next))
#9 /data/home/byu6130910001/htdocs/discuss/vendor/flarum/core/src/Http/Middleware/RememberFromCookie.php(52): Zend\Stratigility\Next->handle(Object(Zend\Diactoros\ServerRequest))
#10 /data/home/byu6130910001/htdocs/discuss/vendor/zendframework/zend-stratigility/src/Next.php(52): Flarum\Http\Middleware\RememberFromCookie->process(Object(Zend\Diactoros\ServerRequest), Object(Zend\Stratigility\Next))
#11 /data/home/byu6130910001/htdocs/discuss/vendor/flarum/core/src/Http/Middleware/StartSession.php(62): Zend\Stratigility\Next->handle(Object(Zend\Diactoros\ServerRequest))
#12 /data/home/byu6130910001/htdocs/discuss/vendor/zendframework/zend-stratigility/src/Next.php(52): Flarum\Http\Middleware\StartSession->process(Object(Zend\Diactoros\ServerRequest), Object(Zend\Stratigility\Next))
#13 /data/home/byu6130910001/htdocs/discuss/vendor/flarum/core/src/Api/Middleware/FakeHttpMethods.php(31): Zend\Stratigility\Next->handle(Object(Zend\Diactoros\ServerRequest))
#14 /data/home/byu6130910001/htdocs/discuss/vendor/zendframework/zend-stratigility/src/Next.php(52): Flarum\Api\Middleware\FakeHttpMethods->process(Object(Zend\Diactoros\ServerRequest), Object(Zend\Stratigility\Next))
#15 /data/home/byu6130910001/htdocs/discuss/vendor/flarum/core/src/Http/Middleware/ParseJsonBody.php(29): Zend\Stratigility\Next->handle(Object(Zend\Diactoros\ServerRequest))
#16 /data/home/byu6130910001/htdocs/discuss/vendor/zendframework/zend-stratigility/src/Next.php(52): Flarum\Http\Middleware\ParseJsonBody->process(Object(Zend\Diactoros\ServerRequest), Object(Zend\Stratigility\Next))
#17 /data/home/byu6130910001/htdocs/discuss/vendor/flarum/core/src/Api/Middleware/HandleErrors.php(42): Zend\Stratigility\Next->handle(Object(Zend\Diactoros\ServerRequest))
#18 /data/home/byu6130910001/htdocs/discuss/vendor/zendframework/zend-stratigility/src/Next.php(52): Flarum\Api\Middleware\HandleErrors->process(Object(Zend\Diactoros\ServerRequest), Object(Zend\Stratigility\Next))
#19 /data/home/byu6130910001/htdocs/discuss/vendor/zendframework/zend-stratigility/src/MiddlewarePipe.php(83): Zend\Stratigility\Next->handle(Object(Zend\Diactoros\ServerRequest))
#20 /data/home/byu6130910001/htdocs/discuss/vendor/middlewares/request-handler/src/RequestHandler.php(84): Zend\Stratigility\MiddlewarePipe->process(Object(Zend\Diactoros\ServerRequest), Object(Zend\Stratigility\Next))
#21 /data/home/byu6130910001/htdocs/discuss/vendor/zendframework/zend-stratigility/src/Next.php(52): Middlewares\RequestHandler->process(Object(Zend\Diactoros\ServerRequest), Object(Zend\Stratigility\Next))
#22 /data/home/byu6130910001/htdocs/discuss/vendor/middlewares/base-path-router/src/BasePathRouter.php(97): Zend\Stratigility\Next->handle(Object(Zend\Diactoros\ServerRequest))
#23 /data/home/byu6130910001/htdocs/discuss/vendor/zendframework/zend-stratigility/src/Next.php(52): Middlewares\BasePathRouter->process(Object(Zend\Diactoros\ServerRequest), Object(Zend\Stratigility\Next))
#24 /data/home/byu6130910001/htdocs/discuss/vendor/middlewares/base-path/src/BasePath.php(53): Zend\Stratigility\Next->handle(Object(Zend\Diactoros\ServerRequest))
#25 /data/home/byu6130910001/htdocs/discuss/vendor/zendframework/zend-stratigility/src/Next.php(52): Middlewares\BasePath->process(Object(Zend\Diactoros\ServerRequest), Object(Zend\Stratigility\Next))
#26 /data/home/byu6130910001/htdocs/discuss/vendor/zendframework/zend-stratigility/src/MiddlewarePipe.php(83): Zend\Stratigility\Next->handle(Object(Zend\Diactoros\ServerRequest))
#27 /data/home/byu6130910001/htdocs/discuss/vendor/zendframework/zend-stratigility/src/MiddlewarePipe.php(72): Zend\Stratigility\MiddlewarePipe->process(Object(Zend\Diactoros\ServerRequest), Object(Zend\Stratigility\EmptyPipelineHandler))
#28 /data/home/byu6130910001/htdocs/discuss/vendor/zendframework/zend-httphandlerrunner/src/RequestHandlerRunner.php(95): Zend\Stratigility\MiddlewarePipe->handle(Object(Zend\Diactoros\ServerRequest))
#29 /data/home/byu6130910001/htdocs/discuss/vendor/flarum/core/src/Http/Server.php(46): Zend\HttpHandlerRunner\RequestHandlerRunner->run()
#30 /data/home/byu6130910001/htdocs/discuss/index.php(22): Flarum\Http\Server->listen()
#31 {main}  
