[2019-06-12 15:06:38] production.ERROR: Swift_TransportException: Expected response code 220 but got an empty response in /data/home/byu6130910001/htdocs/discuss/vendor/swiftmailer/swiftmailer/lib/classes/Swift/Transport/AbstractSmtpTransport.php:445
Stack trace:
#0 /data/home/byu6130910001/htdocs/discuss/vendor/swiftmailer/swiftmailer/lib/classes/Swift/Transport/AbstractSmtpTransport.php(358): Swift_Transport_AbstractSmtpTransport->assertResponseCode('', Array)
#1 /data/home/byu6130910001/htdocs/discuss/vendor/swiftmailer/swiftmailer/lib/classes/Swift/Transport/AbstractSmtpTransport.php(147): Swift_Transport_AbstractSmtpTransport->readGreeting()
#2 /data/home/byu6130910001/htdocs/discuss/vendor/swiftmailer/swiftmailer/lib/classes/Swift/Transport/SendmailTransport.php(50): Swift_Transport_AbstractSmtpTransport->start()
#3 /data/home/byu6130910001/htdocs/discuss/vendor/swiftmailer/swiftmailer/lib/classes/Swift/Mailer.php(65): Swift_Transport_SendmailTransport->start()
#4 /data/home/byu6130910001/htdocs/discuss/vendor/illuminate/mail/Mailer.php(451): Swift_Mailer->send(Object(Swift_Message), Array)
#5 /data/home/byu6130910001/htdocs/discuss/vendor/illuminate/mail/Mailer.php(235): Illuminate\Mail\Mailer->sendSwiftMessage(Object(Swift_Message))
#6 /data/home/byu6130910001/htdocs/discuss/vendor/flarum/core/src/Notification/NotificationMailer.php(45): Illuminate\Mail\Mailer->send(NULL, Array, Object(Closure))
#7 /data/home/byu6130910001/htdocs/discuss/vendor/flarum/core/src/Notification/NotificationSyncer.php(202): Flarum\Notification\NotificationMailer->send(Object(Flarum\Subscriptions\Notification\NewPostBlueprint), Object(Flarum\User\User))
#8 /data/home/byu6130910001/htdocs/discuss/vendor/flarum/core/src/Notification/NotificationSyncer.php(188): Flarum\Notification\NotificationSyncer->mailNotifications(Object(Flarum\Subscriptions\Notification\NewPostBlueprint), Array)
#9 /data/home/byu6130910001/htdocs/discuss/vendor/flarum/core/src/Notification/NotificationSyncer.php(120): Flarum\Notification\NotificationSyncer->sendNotifications(Object(Flarum\Subscriptions\Notification\NewPostBlueprint), Array)
#10 /data/home/byu6130910001/htdocs/discuss/vendor/flarum/subscriptions/src/Listener/SendNotificationWhenReplyIsPosted.php(77): Flarum\Notification\NotificationSyncer->sync(Object(Flarum\Subscriptions\Notification\NewPostBlueprint), Array)
#11 /data/home/byu6130910001/htdocs/discuss/vendor/illuminate/events/Dispatcher.php(350): Flarum\Subscriptions\Listener\SendNotificationWhenReplyIsPosted->whenPosted(Object(Flarum\Post\Event\Posted))
#12 /data/home/byu6130910001/htdocs/discuss/vendor/illuminate/events/Dispatcher.php(200): Illuminate\Events\Dispatcher->Illuminate\Events\{closure}('Flarum\\Post\\Eve...', Array)
#13 /data/home/byu6130910001/htdocs/discuss/vendor/flarum/core/src/Foundation/DispatchEventsTrait.php(35): Illuminate\Events\Dispatcher->dispatch('Flarum\\Post\\Eve...')
#14 /data/home/byu6130910001/htdocs/discuss/vendor/flarum/core/src/Post/Command/PostReplyHandler.php(107): Flarum\Post\Command\PostReplyHandler->dispatchEventsFor(Object(Flarum\Post\CommentPost), Object(Flarum\User\User))
#15 /data/home/byu6130910001/htdocs/discuss/vendor/flarum/core/src/Notification/NotificationSyncer.php(158): Flarum\Post\Command\PostReplyHandler->Flarum\Post\Command\{closure}()
#16 /data/home/byu6130910001/htdocs/discuss/vendor/flarum/core/src/Post/Command/PostReplyHandler.php(108): Flarum\Notification\NotificationSyncer->onePerUser(Object(Closure))
#17 /data/home/byu6130910001/htdocs/discuss/vendor/illuminate/bus/Dispatcher.php(90): Flarum\Post\Command\PostReplyHandler->handle(Object(Flarum\Post\Command\PostReply))
#18 /data/home/byu6130910001/htdocs/discuss/vendor/illuminate/pipeline/Pipeline.php(114): Illuminate\Bus\Dispatcher->Illuminate\Bus\{closure}(Object(Flarum\Post\Command\PostReply))
#19 /data/home/byu6130910001/htdocs/discuss/vendor/illuminate/pipeline/Pipeline.php(102): Illuminate\Pipeline\Pipeline->Illuminate\Pipeline\{closure}(Object(Flarum\Post\Command\PostReply))
#20 /data/home/byu6130910001/htdocs/discuss/vendor/illuminate/bus/Dispatcher.php(98): Illuminate\Pipeline\Pipeline->then(Object(Closure))
#21 /data/home/byu6130910001/htdocs/discuss/vendor/illuminate/bus/Dispatcher.php(76): Illuminate\Bus\Dispatcher->dispatchNow(Object(Flarum\Post\Command\PostReply))
#22 /data/home/byu6130910001/htdocs/discuss/vendor/flarum/core/src/Api/Controller/CreatePostController.php(74): Illuminate\Bus\Dispatcher->dispatch(Object(Flarum\Post\Command\PostReply))
#23 /data/home/byu6130910001/htdocs/discuss/vendor/flarum/core/src/Api/Controller/AbstractSerializeController.php(98): Flarum\Api\Controller\CreatePostController->data(Object(Zend\Diactoros\ServerRequest), Object(Tobscure\JsonApi\Document))
#24 /data/home/byu6130910001/htdocs/discuss/vendor/flarum/core/src/Api/Controller/AbstractCreateController.php(24): Flarum\Api\Controller\AbstractSerializeController->handle(Object(Zend\Diactoros\ServerRequest))
#25 /data/home/byu6130910001/htdocs/discuss/vendor/flarum/core/src/Http/RouteHandlerFactory.php(40): Flarum\Api\Controller\AbstractCreateController->handle(Object(Zend\Diactoros\ServerRequest))
#26 /data/home/byu6130910001/htdocs/discuss/vendor/flarum/core/src/Http/Middleware/DispatchRoute.php(67): Flarum\Http\RouteHandlerFactory->Flarum\Http\{closure}(Object(Zend\Diactoros\ServerRequest), Array)
#27 /data/home/byu6130910001/htdocs/discuss/vendor/zendframework/zend-stratigility/src/Next.php(52): Flarum\Http\Middleware\DispatchRoute->process(Object(Zend\Diactoros\ServerRequest), Object(Closure))
#28 /data/home/byu6130910001/htdocs/discuss/vendor/flarum/core/src/Http/Middleware/SetLocale.php(51): Zend\Stratigility\Next->handle(Object(Zend\Diactoros\ServerRequest))
#29 /data/home/byu6130910001/htdocs/discuss/vendor/zendframework/zend-stratigility/src/Next.php(52): Flarum\Http\Middleware\SetLocale->process(Object(Zend\Diactoros\ServerRequest), Object(Zend\Stratigility\Next))
#30 /data/home/byu6130910001/htdocs/discuss/vendor/flarum/core/src/Http/Middleware/AuthenticateWithHeader.php(55): Zend\Stratigility\Next->handle(Object(Zend\Diactoros\ServerRequest))
#31 /data/home/byu6130910001/htdocs/discuss/vendor/zendframework/zend-stratigility/src/Next.php(52): Flarum\Http\Middleware\AuthenticateWithHeader->process(Object(Zend\Diactoros\ServerRequest), Object(Zend\Stratigility\Next))
#32 /data/home/byu6130910001/htdocs/discuss/vendor/flarum/core/src/Http/Middleware/AuthenticateWithSession.php(34): Zend\Stratigility\Next->handle(Object(Zend\Diactoros\ServerRequest))
#33 /data/home/byu6130910001/htdocs/discuss/vendor/zendframework/zend-stratigility/src/Next.php(52): Flarum\Http\Middleware\AuthenticateWithSession->process(Object(Zend\Diactoros\ServerRequest), Object(Zend\Stratigility\Next))
#34 /data/home/byu6130910001/htdocs/discuss/vendor/flarum/core/src/Http/Middleware/RememberFromCookie.php(52): Zend\Stratigility\Next->handle(Object(Zend\Diactoros\ServerRequest))
#35 /data/home/byu6130910001/htdocs/discuss/vendor/zendframework/zend-stratigility/src/Next.php(52): Flarum\Http\Middleware\RememberFromCookie->process(Object(Zend\Diactoros\ServerRequest), Object(Zend\Stratigility\Next))
#36 /data/home/byu6130910001/htdocs/discuss/vendor/flarum/core/src/Http/Middleware/StartSession.php(62): Zend\Stratigility\Next->handle(Object(Zend\Diactoros\ServerRequest))
#37 /data/home/byu6130910001/htdocs/discuss/vendor/zendframework/zend-stratigility/src/Next.php(52): Flarum\Http\Middleware\StartSession->process(Object(Zend\Diactoros\ServerRequest), Object(Zend\Stratigility\Next))
#38 /data/home/byu6130910001/htdocs/discuss/vendor/flarum/core/src/Api/Middleware/FakeHttpMethods.php(31): Zend\Stratigility\Next->handle(Object(Zend\Diactoros\ServerRequest))
#39 /data/home/byu6130910001/htdocs/discuss/vendor/zendframework/zend-stratigility/src/Next.php(52): Flarum\Api\Middleware\FakeHttpMethods->process(Object(Zend\Diactoros\ServerRequest), Object(Zend\Stratigility\Next))
#40 /data/home/byu6130910001/htdocs/discuss/vendor/flarum/core/src/Http/Middleware/ParseJsonBody.php(29): Zend\Stratigility\Next->handle(Object(Zend\Diactoros\ServerRequest))
#41 /data/home/byu6130910001/htdocs/discuss/vendor/zendframework/zend-stratigility/src/Next.php(52): Flarum\Http\Middleware\ParseJsonBody->process(Object(Zend\Diactoros\ServerRequest), Object(Zend\Stratigility\Next))
#42 /data/home/byu6130910001/htdocs/discuss/vendor/flarum/core/src/Api/Middleware/HandleErrors.php(42): Zend\Stratigility\Next->handle(Object(Zend\Diactoros\ServerRequest))
#43 /data/home/byu6130910001/htdocs/discuss/vendor/zendframework/zend-stratigility/src/Next.php(52): Flarum\Api\Middleware\HandleErrors->process(Object(Zend\Diactoros\ServerRequest), Object(Zend\Stratigility\Next))
#44 /data/home/byu6130910001/htdocs/discuss/vendor/zendframework/zend-stratigility/src/MiddlewarePipe.php(83): Zend\Stratigility\Next->handle(Object(Zend\Diactoros\ServerRequest))
#45 /data/home/byu6130910001/htdocs/discuss/vendor/middlewares/request-handler/src/RequestHandler.php(84): Zend\Stratigility\MiddlewarePipe->process(Object(Zend\Diactoros\ServerRequest), Object(Zend\Stratigility\Next))
#46 /data/home/byu6130910001/htdocs/discuss/vendor/zendframework/zend-stratigility/src/Next.php(52): Middlewares\RequestHandler->process(Object(Zend\Diactoros\ServerRequest), Object(Zend\Stratigility\Next))
#47 /data/home/byu6130910001/htdocs/discuss/vendor/middlewares/base-path-router/src/BasePathRouter.php(97): Zend\Stratigility\Next->handle(Object(Zend\Diactoros\ServerRequest))
#48 /data/home/byu6130910001/htdocs/discuss/vendor/zendframework/zend-stratigility/src/Next.php(52): Middlewares\BasePathRouter->process(Object(Zend\Diactoros\ServerRequest), Object(Zend\Stratigility\Next))
#49 /data/home/byu6130910001/htdocs/discuss/vendor/middlewares/base-path/src/BasePath.php(53): Zend\Stratigility\Next->handle(Object(Zend\Diactoros\ServerRequest))
#50 /data/home/byu6130910001/htdocs/discuss/vendor/zendframework/zend-stratigility/src/Next.php(52): Middlewares\BasePath->process(Object(Zend\Diactoros\ServerRequest), Object(Zend\Stratigility\Next))
#51 /data/home/byu6130910001/htdocs/discuss/vendor/zendframework/zend-stratigility/src/MiddlewarePipe.php(83): Zend\Stratigility\Next->handle(Object(Zend\Diactoros\ServerRequest))
#52 /data/home/byu6130910001/htdocs/discuss/vendor/zendframework/zend-stratigility/src/MiddlewarePipe.php(72): Zend\Stratigility\MiddlewarePipe->process(Object(Zend\Diactoros\ServerRequest), Object(Zend\Stratigility\EmptyPipelineHandler))
#53 /data/home/byu6130910001/htdocs/discuss/vendor/zendframework/zend-httphandlerrunner/src/RequestHandlerRunner.php(95): Zend\Stratigility\MiddlewarePipe->handle(Object(Zend\Diactoros\ServerRequest))
#54 /data/home/byu6130910001/htdocs/discuss/vendor/flarum/core/src/Http/Server.php(46): Zend\HttpHandlerRunner\RequestHandlerRunner->run()
#55 /data/home/byu6130910001/htdocs/discuss/index.php(22): Flarum\Http\Server->listen()
#56 {main}  
[2019-06-12 15:10:07] production.ERROR: Swift_TransportException: Expected response code 220 but got an empty response in /data/home/byu6130910001/htdocs/discuss/vendor/swiftmailer/swiftmailer/lib/classes/Swift/Transport/AbstractSmtpTransport.php:445
Stack trace:
#0 /data/home/byu6130910001/htdocs/discuss/vendor/swiftmailer/swiftmailer/lib/classes/Swift/Transport/AbstractSmtpTransport.php(358): Swift_Transport_AbstractSmtpTransport->assertResponseCode('', Array)
#1 /data/home/byu6130910001/htdocs/discuss/vendor/swiftmailer/swiftmailer/lib/classes/Swift/Transport/AbstractSmtpTransport.php(147): Swift_Transport_AbstractSmtpTransport->readGreeting()
#2 /data/home/byu6130910001/htdocs/discuss/vendor/swiftmailer/swiftmailer/lib/classes/Swift/Transport/SendmailTransport.php(50): Swift_Transport_AbstractSmtpTransport->start()
#3 /data/home/byu6130910001/htdocs/discuss/vendor/swiftmailer/swiftmailer/lib/classes/Swift/Mailer.php(65): Swift_Transport_SendmailTransport->start()
#4 /data/home/byu6130910001/htdocs/discuss/vendor/illuminate/mail/Mailer.php(451): Swift_Mailer->send(Object(Swift_Message), Array)
#5 /data/home/byu6130910001/htdocs/discuss/vendor/illuminate/mail/Mailer.php(235): Illuminate\Mail\Mailer->sendSwiftMessage(Object(Swift_Message))
#6 /data/home/byu6130910001/htdocs/discuss/vendor/flarum/core/src/Notification/NotificationMailer.php(45): Illuminate\Mail\Mailer->send(NULL, Array, Object(Closure))
#7 /data/home/byu6130910001/htdocs/discuss/vendor/flarum/core/src/Notification/NotificationSyncer.php(202): Flarum\Notification\NotificationMailer->send(Object(Flarum\Subscriptions\Notification\NewPostBlueprint), Object(Flarum\User\User))
#8 /data/home/byu6130910001/htdocs/discuss/vendor/flarum/core/src/Notification/NotificationSyncer.php(188): Flarum\Notification\NotificationSyncer->mailNotifications(Object(Flarum\Subscriptions\Notification\NewPostBlueprint), Array)
#9 /data/home/byu6130910001/htdocs/discuss/vendor/flarum/core/src/Notification/NotificationSyncer.php(120): Flarum\Notification\NotificationSyncer->sendNotifications(Object(Flarum\Subscriptions\Notification\NewPostBlueprint), Array)
#10 /data/home/byu6130910001/htdocs/discuss/vendor/flarum/subscriptions/src/Listener/SendNotificationWhenReplyIsPosted.php(77): Flarum\Notification\NotificationSyncer->sync(Object(Flarum\Subscriptions\Notification\NewPostBlueprint), Array)
#11 /data/home/byu6130910001/htdocs/discuss/vendor/illuminate/events/Dispatcher.php(350): Flarum\Subscriptions\Listener\SendNotificationWhenReplyIsPosted->whenPosted(Object(Flarum\Post\Event\Posted))
#12 /data/home/byu6130910001/htdocs/discuss/vendor/illuminate/events/Dispatcher.php(200): Illuminate\Events\Dispatcher->Illuminate\Events\{closure}('Flarum\\Post\\Eve...', Array)
#13 /data/home/byu6130910001/htdocs/discuss/vendor/flarum/core/src/Foundation/DispatchEventsTrait.php(35): Illuminate\Events\Dispatcher->dispatch('Flarum\\Post\\Eve...')
#14 /data/home/byu6130910001/htdocs/discuss/vendor/flarum/core/src/Post/Command/PostReplyHandler.php(107): Flarum\Post\Command\PostReplyHandler->dispatchEventsFor(Object(Flarum\Post\CommentPost), Object(Flarum\User\User))
#15 /data/home/byu6130910001/htdocs/discuss/vendor/flarum/core/src/Notification/NotificationSyncer.php(158): Flarum\Post\Command\PostReplyHandler->Flarum\Post\Command\{closure}()
#16 /data/home/byu6130910001/htdocs/discuss/vendor/flarum/core/src/Post/Command/PostReplyHandler.php(108): Flarum\Notification\NotificationSyncer->onePerUser(Object(Closure))
#17 /data/home/byu6130910001/htdocs/discuss/vendor/illuminate/bus/Dispatcher.php(90): Flarum\Post\Command\PostReplyHandler->handle(Object(Flarum\Post\Command\PostReply))
#18 /data/home/byu6130910001/htdocs/discuss/vendor/illuminate/pipeline/Pipeline.php(114): Illuminate\Bus\Dispatcher->Illuminate\Bus\{closure}(Object(Flarum\Post\Command\PostReply))
#19 /data/home/byu6130910001/htdocs/discuss/vendor/illuminate/pipeline/Pipeline.php(102): Illuminate\Pipeline\Pipeline->Illuminate\Pipeline\{closure}(Object(Flarum\Post\Command\PostReply))
#20 /data/home/byu6130910001/htdocs/discuss/vendor/illuminate/bus/Dispatcher.php(98): Illuminate\Pipeline\Pipeline->then(Object(Closure))
#21 /data/home/byu6130910001/htdocs/discuss/vendor/illuminate/bus/Dispatcher.php(76): Illuminate\Bus\Dispatcher->dispatchNow(Object(Flarum\Post\Command\PostReply))
#22 /data/home/byu6130910001/htdocs/discuss/vendor/flarum/core/src/Api/Controller/CreatePostController.php(74): Illuminate\Bus\Dispatcher->dispatch(Object(Flarum\Post\Command\PostReply))
#23 /data/home/byu6130910001/htdocs/discuss/vendor/flarum/core/src/Api/Controller/AbstractSerializeController.php(98): Flarum\Api\Controller\CreatePostController->data(Object(Zend\Diactoros\ServerRequest), Object(Tobscure\JsonApi\Document))
#24 /data/home/byu6130910001/htdocs/discuss/vendor/flarum/core/src/Api/Controller/AbstractCreateController.php(24): Flarum\Api\Controller\AbstractSerializeController->handle(Object(Zend\Diactoros\ServerRequest))
#25 /data/home/byu6130910001/htdocs/discuss/vendor/flarum/core/src/Http/RouteHandlerFactory.php(40): Flarum\Api\Controller\AbstractCreateController->handle(Object(Zend\Diactoros\ServerRequest))
#26 /data/home/byu6130910001/htdocs/discuss/vendor/flarum/core/src/Http/Middleware/DispatchRoute.php(67): Flarum\Http\RouteHandlerFactory->Flarum\Http\{closure}(Object(Zend\Diactoros\ServerRequest), Array)
#27 /data/home/byu6130910001/htdocs/discuss/vendor/zendframework/zend-stratigility/src/Next.php(52): Flarum\Http\Middleware\DispatchRoute->process(Object(Zend\Diactoros\ServerRequest), Object(Closure))
#28 /data/home/byu6130910001/htdocs/discuss/vendor/flarum/core/src/Http/Middleware/SetLocale.php(51): Zend\Stratigility\Next->handle(Object(Zend\Diactoros\ServerRequest))
#29 /data/home/byu6130910001/htdocs/discuss/vendor/zendframework/zend-stratigility/src/Next.php(52): Flarum\Http\Middleware\SetLocale->process(Object(Zend\Diactoros\ServerRequest), Object(Zend\Stratigility\Next))
#30 /data/home/byu6130910001/htdocs/discuss/vendor/flarum/core/src/Http/Middleware/AuthenticateWithHeader.php(55): Zend\Stratigility\Next->handle(Object(Zend\Diactoros\ServerRequest))
#31 /data/home/byu6130910001/htdocs/discuss/vendor/zendframework/zend-stratigility/src/Next.php(52): Flarum\Http\Middleware\AuthenticateWithHeader->process(Object(Zend\Diactoros\ServerRequest), Object(Zend\Stratigility\Next))
#32 /data/home/byu6130910001/htdocs/discuss/vendor/flarum/core/src/Http/Middleware/AuthenticateWithSession.php(34): Zend\Stratigility\Next->handle(Object(Zend\Diactoros\ServerRequest))
#33 /data/home/byu6130910001/htdocs/discuss/vendor/zendframework/zend-stratigility/src/Next.php(52): Flarum\Http\Middleware\AuthenticateWithSession->process(Object(Zend\Diactoros\ServerRequest), Object(Zend\Stratigility\Next))
#34 /data/home/byu6130910001/htdocs/discuss/vendor/flarum/core/src/Http/Middleware/RememberFromCookie.php(52): Zend\Stratigility\Next->handle(Object(Zend\Diactoros\ServerRequest))
#35 /data/home/byu6130910001/htdocs/discuss/vendor/zendframework/zend-stratigility/src/Next.php(52): Flarum\Http\Middleware\RememberFromCookie->process(Object(Zend\Diactoros\ServerRequest), Object(Zend\Stratigility\Next))
#36 /data/home/byu6130910001/htdocs/discuss/vendor/flarum/core/src/Http/Middleware/StartSession.php(62): Zend\Stratigility\Next->handle(Object(Zend\Diactoros\ServerRequest))
#37 /data/home/byu6130910001/htdocs/discuss/vendor/zendframework/zend-stratigility/src/Next.php(52): Flarum\Http\Middleware\StartSession->process(Object(Zend\Diactoros\ServerRequest), Object(Zend\Stratigility\Next))
#38 /data/home/byu6130910001/htdocs/discuss/vendor/flarum/core/src/Api/Middleware/FakeHttpMethods.php(31): Zend\Stratigility\Next->handle(Object(Zend\Diactoros\ServerRequest))
#39 /data/home/byu6130910001/htdocs/discuss/vendor/zendframework/zend-stratigility/src/Next.php(52): Flarum\Api\Middleware\FakeHttpMethods->process(Object(Zend\Diactoros\ServerRequest), Object(Zend\Stratigility\Next))
#40 /data/home/byu6130910001/htdocs/discuss/vendor/flarum/core/src/Http/Middleware/ParseJsonBody.php(29): Zend\Stratigility\Next->handle(Object(Zend\Diactoros\ServerRequest))
#41 /data/home/byu6130910001/htdocs/discuss/vendor/zendframework/zend-stratigility/src/Next.php(52): Flarum\Http\Middleware\ParseJsonBody->process(Object(Zend\Diactoros\ServerRequest), Object(Zend\Stratigility\Next))
#42 /data/home/byu6130910001/htdocs/discuss/vendor/flarum/core/src/Api/Middleware/HandleErrors.php(42): Zend\Stratigility\Next->handle(Object(Zend\Diactoros\ServerRequest))
#43 /data/home/byu6130910001/htdocs/discuss/vendor/zendframework/zend-stratigility/src/Next.php(52): Flarum\Api\Middleware\HandleErrors->process(Object(Zend\Diactoros\ServerRequest), Object(Zend\Stratigility\Next))
#44 /data/home/byu6130910001/htdocs/discuss/vendor/zendframework/zend-stratigility/src/MiddlewarePipe.php(83): Zend\Stratigility\Next->handle(Object(Zend\Diactoros\ServerRequest))
#45 /data/home/byu6130910001/htdocs/discuss/vendor/middlewares/request-handler/src/RequestHandler.php(84): Zend\Stratigility\MiddlewarePipe->process(Object(Zend\Diactoros\ServerRequest), Object(Zend\Stratigility\Next))
#46 /data/home/byu6130910001/htdocs/discuss/vendor/zendframework/zend-stratigility/src/Next.php(52): Middlewares\RequestHandler->process(Object(Zend\Diactoros\ServerRequest), Object(Zend\Stratigility\Next))
#47 /data/home/byu6130910001/htdocs/discuss/vendor/middlewares/base-path-router/src/BasePathRouter.php(97): Zend\Stratigility\Next->handle(Object(Zend\Diactoros\ServerRequest))
#48 /data/home/byu6130910001/htdocs/discuss/vendor/zendframework/zend-stratigility/src/Next.php(52): Middlewares\BasePathRouter->process(Object(Zend\Diactoros\ServerRequest), Object(Zend\Stratigility\Next))
#49 /data/home/byu6130910001/htdocs/discuss/vendor/middlewares/base-path/src/BasePath.php(53): Zend\Stratigility\Next->handle(Object(Zend\Diactoros\ServerRequest))
#50 /data/home/byu6130910001/htdocs/discuss/vendor/zendframework/zend-stratigility/src/Next.php(52): Middlewares\BasePath->process(Object(Zend\Diactoros\ServerRequest), Object(Zend\Stratigility\Next))
#51 /data/home/byu6130910001/htdocs/discuss/vendor/zendframework/zend-stratigility/src/MiddlewarePipe.php(83): Zend\Stratigility\Next->handle(Object(Zend\Diactoros\ServerRequest))
#52 /data/home/byu6130910001/htdocs/discuss/vendor/zendframework/zend-stratigility/src/MiddlewarePipe.php(72): Zend\Stratigility\MiddlewarePipe->process(Object(Zend\Diactoros\ServerRequest), Object(Zend\Stratigility\EmptyPipelineHandler))
#53 /data/home/byu6130910001/htdocs/discuss/vendor/zendframework/zend-httphandlerrunner/src/RequestHandlerRunner.php(95): Zend\Stratigility\MiddlewarePipe->handle(Object(Zend\Diactoros\ServerRequest))
#54 /data/home/byu6130910001/htdocs/discuss/vendor/flarum/core/src/Http/Server.php(46): Zend\HttpHandlerRunner\RequestHandlerRunner->run()
#55 /data/home/byu6130910001/htdocs/discuss/index.php(22): Flarum\Http\Server->listen()
#56 {main}  
[2019-06-12 15:19:01] production.ERROR: Swift_TransportException: Expected response code 220 but got an empty response in /data/home/byu6130910001/htdocs/discuss/vendor/swiftmailer/swiftmailer/lib/classes/Swift/Transport/AbstractSmtpTransport.php:445
Stack trace:
#0 /data/home/byu6130910001/htdocs/discuss/vendor/swiftmailer/swiftmailer/lib/classes/Swift/Transport/AbstractSmtpTransport.php(358): Swift_Transport_AbstractSmtpTransport->assertResponseCode('', Array)
#1 /data/home/byu6130910001/htdocs/discuss/vendor/swiftmailer/swiftmailer/lib/classes/Swift/Transport/AbstractSmtpTransport.php(147): Swift_Transport_AbstractSmtpTransport->readGreeting()
#2 /data/home/byu6130910001/htdocs/discuss/vendor/swiftmailer/swiftmailer/lib/classes/Swift/Transport/SendmailTransport.php(50): Swift_Transport_AbstractSmtpTransport->start()
#3 /data/home/byu6130910001/htdocs/discuss/vendor/swiftmailer/swiftmailer/lib/classes/Swift/Mailer.php(65): Swift_Transport_SendmailTransport->start()
#4 /data/home/byu6130910001/htdocs/discuss/vendor/illuminate/mail/Mailer.php(451): Swift_Mailer->send(Object(Swift_Message), Array)
#5 /data/home/byu6130910001/htdocs/discuss/vendor/illuminate/mail/Mailer.php(235): Illuminate\Mail\Mailer->sendSwiftMessage(Object(Swift_Message))
#6 /data/home/byu6130910001/htdocs/discuss/vendor/flarum/core/src/Notification/NotificationMailer.php(45): Illuminate\Mail\Mailer->send(NULL, Array, Object(Closure))
#7 /data/home/byu6130910001/htdocs/discuss/vendor/flarum/core/src/Notification/NotificationSyncer.php(202): Flarum\Notification\NotificationMailer->send(Object(Flarum\Mentions\Notification\PostMentionedBlueprint), Object(Flarum\User\User))
#8 /data/home/byu6130910001/htdocs/discuss/vendor/flarum/core/src/Notification/NotificationSyncer.php(188): Flarum\Notification\NotificationSyncer->mailNotifications(Object(Flarum\Mentions\Notification\PostMentionedBlueprint), Array)
#9 /data/home/byu6130910001/htdocs/discuss/vendor/flarum/core/src/Notification/NotificationSyncer.php(120): Flarum\Notification\NotificationSyncer->sendNotifications(Object(Flarum\Mentions\Notification\PostMentionedBlueprint), Array)
#10 /data/home/byu6130910001/htdocs/discuss/vendor/flarum/mentions/src/Listener/UpdatePostMentionsMetadata.php(138): Flarum\Notification\NotificationSyncer->sync(Object(Flarum\Mentions\Notification\PostMentionedBlueprint), Array)
#11 /data/home/byu6130910001/htdocs/discuss/vendor/flarum/mentions/src/Listener/UpdatePostMentionsMetadata.php(110): Flarum\Mentions\Listener\UpdatePostMentionsMetadata->sync(Object(Flarum\Post\CommentPost), Array)
#12 /data/home/byu6130910001/htdocs/discuss/vendor/flarum/mentions/src/Listener/UpdatePostMentionsMetadata.php(68): Flarum\Mentions\Listener\UpdatePostMentionsMetadata->replyBecameVisible(Object(Flarum\Post\CommentPost))
#13 /data/home/byu6130910001/htdocs/discuss/vendor/illuminate/events/Dispatcher.php(350): Flarum\Mentions\Listener\UpdatePostMentionsMetadata->whenPosted(Object(Flarum\Post\Event\Posted))
#14 /data/home/byu6130910001/htdocs/discuss/vendor/illuminate/events/Dispatcher.php(200): Illuminate\Events\Dispatcher->Illuminate\Events\{closure}('Flarum\\Post\\Eve...', Array)
#15 /data/home/byu6130910001/htdocs/discuss/vendor/flarum/core/src/Foundation/DispatchEventsTrait.php(35): Illuminate\Events\Dispatcher->dispatch('Flarum\\Post\\Eve...')
#16 /data/home/byu6130910001/htdocs/discuss/vendor/flarum/core/src/Post/Command/PostReplyHandler.php(107): Flarum\Post\Command\PostReplyHandler->dispatchEventsFor(Object(Flarum\Post\CommentPost), Object(Flarum\User\User))
#17 /data/home/byu6130910001/htdocs/discuss/vendor/flarum/core/src/Notification/NotificationSyncer.php(158): Flarum\Post\Command\PostReplyHandler->Flarum\Post\Command\{closure}()
#18 /data/home/byu6130910001/htdocs/discuss/vendor/flarum/core/src/Post/Command/PostReplyHandler.php(108): Flarum\Notification\NotificationSyncer->onePerUser(Object(Closure))
#19 /data/home/byu6130910001/htdocs/discuss/vendor/illuminate/bus/Dispatcher.php(90): Flarum\Post\Command\PostReplyHandler->handle(Object(Flarum\Post\Command\PostReply))
#20 /data/home/byu6130910001/htdocs/discuss/vendor/illuminate/pipeline/Pipeline.php(114): Illuminate\Bus\Dispatcher->Illuminate\Bus\{closure}(Object(Flarum\Post\Command\PostReply))
#21 /data/home/byu6130910001/htdocs/discuss/vendor/illuminate/pipeline/Pipeline.php(102): Illuminate\Pipeline\Pipeline->Illuminate\Pipeline\{closure}(Object(Flarum\Post\Command\PostReply))
#22 /data/home/byu6130910001/htdocs/discuss/vendor/illuminate/bus/Dispatcher.php(98): Illuminate\Pipeline\Pipeline->then(Object(Closure))
#23 /data/home/byu6130910001/htdocs/discuss/vendor/illuminate/bus/Dispatcher.php(76): Illuminate\Bus\Dispatcher->dispatchNow(Object(Flarum\Post\Command\PostReply))
#24 /data/home/byu6130910001/htdocs/discuss/vendor/flarum/core/src/Api/Controller/CreatePostController.php(74): Illuminate\Bus\Dispatcher->dispatch(Object(Flarum\Post\Command\PostReply))
#25 /data/home/byu6130910001/htdocs/discuss/vendor/flarum/core/src/Api/Controller/AbstractSerializeController.php(98): Flarum\Api\Controller\CreatePostController->data(Object(Zend\Diactoros\ServerRequest), Object(Tobscure\JsonApi\Document))
#26 /data/home/byu6130910001/htdocs/discuss/vendor/flarum/core/src/Api/Controller/AbstractCreateController.php(24): Flarum\Api\Controller\AbstractSerializeController->handle(Object(Zend\Diactoros\ServerRequest))
#27 /data/home/byu6130910001/htdocs/discuss/vendor/flarum/core/src/Http/RouteHandlerFactory.php(40): Flarum\Api\Controller\AbstractCreateController->handle(Object(Zend\Diactoros\ServerRequest))
#28 /data/home/byu6130910001/htdocs/discuss/vendor/flarum/core/src/Http/Middleware/DispatchRoute.php(67): Flarum\Http\RouteHandlerFactory->Flarum\Http\{closure}(Object(Zend\Diactoros\ServerRequest), Array)
#29 /data/home/byu6130910001/htdocs/discuss/vendor/zendframework/zend-stratigility/src/Next.php(52): Flarum\Http\Middleware\DispatchRoute->process(Object(Zend\Diactoros\ServerRequest), Object(Closure))
#30 /data/home/byu6130910001/htdocs/discuss/vendor/flarum/core/src/Http/Middleware/SetLocale.php(51): Zend\Stratigility\Next->handle(Object(Zend\Diactoros\ServerRequest))
#31 /data/home/byu6130910001/htdocs/discuss/vendor/zendframework/zend-stratigility/src/Next.php(52): Flarum\Http\Middleware\SetLocale->process(Object(Zend\Diactoros\ServerRequest), Object(Zend\Stratigility\Next))
#32 /data/home/byu6130910001/htdocs/discuss/vendor/flarum/core/src/Http/Middleware/AuthenticateWithHeader.php(55): Zend\Stratigility\Next->handle(Object(Zend\Diactoros\ServerRequest))
#33 /data/home/byu6130910001/htdocs/discuss/vendor/zendframework/zend-stratigility/src/Next.php(52): Flarum\Http\Middleware\AuthenticateWithHeader->process(Object(Zend\Diactoros\ServerRequest), Object(Zend\Stratigility\Next))
#34 /data/home/byu6130910001/htdocs/discuss/vendor/flarum/core/src/Http/Middleware/AuthenticateWithSession.php(34): Zend\Stratigility\Next->handle(Object(Zend\Diactoros\ServerRequest))
#35 /data/home/byu6130910001/htdocs/discuss/vendor/zendframework/zend-stratigility/src/Next.php(52): Flarum\Http\Middleware\AuthenticateWithSession->process(Object(Zend\Diactoros\ServerRequest), Object(Zend\Stratigility\Next))
#36 /data/home/byu6130910001/htdocs/discuss/vendor/flarum/core/src/Http/Middleware/RememberFromCookie.php(52): Zend\Stratigility\Next->handle(Object(Zend\Diactoros\ServerRequest))
#37 /data/home/byu6130910001/htdocs/discuss/vendor/zendframework/zend-stratigility/src/Next.php(52): Flarum\Http\Middleware\RememberFromCookie->process(Object(Zend\Diactoros\ServerRequest), Object(Zend\Stratigility\Next))
#38 /data/home/byu6130910001/htdocs/discuss/vendor/flarum/core/src/Http/Middleware/StartSession.php(62): Zend\Stratigility\Next->handle(Object(Zend\Diactoros\ServerRequest))
#39 /data/home/byu6130910001/htdocs/discuss/vendor/zendframework/zend-stratigility/src/Next.php(52): Flarum\Http\Middleware\StartSession->process(Object(Zend\Diactoros\ServerRequest), Object(Zend\Stratigility\Next))
#40 /data/home/byu6130910001/htdocs/discuss/vendor/flarum/core/src/Api/Middleware/FakeHttpMethods.php(31): Zend\Stratigility\Next->handle(Object(Zend\Diactoros\ServerRequest))
#41 /data/home/byu6130910001/htdocs/discuss/vendor/zendframework/zend-stratigility/src/Next.php(52): Flarum\Api\Middleware\FakeHttpMethods->process(Object(Zend\Diactoros\ServerRequest), Object(Zend\Stratigility\Next))
#42 /data/home/byu6130910001/htdocs/discuss/vendor/flarum/core/src/Http/Middleware/ParseJsonBody.php(29): Zend\Stratigility\Next->handle(Object(Zend\Diactoros\ServerRequest))
#43 /data/home/byu6130910001/htdocs/discuss/vendor/zendframework/zend-stratigility/src/Next.php(52): Flarum\Http\Middleware\ParseJsonBody->process(Object(Zend\Diactoros\ServerRequest), Object(Zend\Stratigility\Next))
#44 /data/home/byu6130910001/htdocs/discuss/vendor/flarum/core/src/Api/Middleware/HandleErrors.php(42): Zend\Stratigility\Next->handle(Object(Zend\Diactoros\ServerRequest))
#45 /data/home/byu6130910001/htdocs/discuss/vendor/zendframework/zend-stratigility/src/Next.php(52): Flarum\Api\Middleware\HandleErrors->process(Object(Zend\Diactoros\ServerRequest), Object(Zend\Stratigility\Next))
#46 /data/home/byu6130910001/htdocs/discuss/vendor/zendframework/zend-stratigility/src/MiddlewarePipe.php(83): Zend\Stratigility\Next->handle(Object(Zend\Diactoros\ServerRequest))
#47 /data/home/byu6130910001/htdocs/discuss/vendor/middlewares/request-handler/src/RequestHandler.php(84): Zend\Stratigility\MiddlewarePipe->process(Object(Zend\Diactoros\ServerRequest), Object(Zend\Stratigility\Next))
#48 /data/home/byu6130910001/htdocs/discuss/vendor/zendframework/zend-stratigility/src/Next.php(52): Middlewares\RequestHandler->process(Object(Zend\Diactoros\ServerRequest), Object(Zend\Stratigility\Next))
#49 /data/home/byu6130910001/htdocs/discuss/vendor/middlewares/base-path-router/src/BasePathRouter.php(97): Zend\Stratigility\Next->handle(Object(Zend\Diactoros\ServerRequest))
#50 /data/home/byu6130910001/htdocs/discuss/vendor/zendframework/zend-stratigility/src/Next.php(52): Middlewares\BasePathRouter->process(Object(Zend\Diactoros\ServerRequest), Object(Zend\Stratigility\Next))
#51 /data/home/byu6130910001/htdocs/discuss/vendor/middlewares/base-path/src/BasePath.php(53): Zend\Stratigility\Next->handle(Object(Zend\Diactoros\ServerRequest))
#52 /data/home/byu6130910001/htdocs/discuss/vendor/zendframework/zend-stratigility/src/Next.php(52): Middlewares\BasePath->process(Object(Zend\Diactoros\ServerRequest), Object(Zend\Stratigility\Next))
#53 /data/home/byu6130910001/htdocs/discuss/vendor/zendframework/zend-stratigility/src/MiddlewarePipe.php(83): Zend\Stratigility\Next->handle(Object(Zend\Diactoros\ServerRequest))
#54 /data/home/byu6130910001/htdocs/discuss/vendor/zendframework/zend-stratigility/src/MiddlewarePipe.php(72): Zend\Stratigility\MiddlewarePipe->process(Object(Zend\Diactoros\ServerRequest), Object(Zend\Stratigility\EmptyPipelineHandler))
#55 /data/home/byu6130910001/htdocs/discuss/vendor/zendframework/zend-httphandlerrunner/src/RequestHandlerRunner.php(95): Zend\Stratigility\MiddlewarePipe->handle(Object(Zend\Diactoros\ServerRequest))
#56 /data/home/byu6130910001/htdocs/discuss/vendor/flarum/core/src/Http/Server.php(46): Zend\HttpHandlerRunner\RequestHandlerRunner->run()
#57 /data/home/byu6130910001/htdocs/discuss/index.php(22): Flarum\Http\Server->listen()
#58 {main}  
