[2019-05-06 08:08:46] production.ERROR: Flarum\Http\Exception\MethodNotAllowedException: GET in /data/home/byu6130910001/htdocs/discuss/vendor/flarum/core/src/Http/Middleware/DispatchRoute.php:62
Stack trace:
#0 /data/home/byu6130910001/htdocs/discuss/vendor/zendframework/zend-stratigility/src/Next.php(52): Flarum\Http\Middleware\DispatchRoute->process(Object(Zend\Diactoros\ServerRequest), Object(Zend\Stratigility\Next))
#1 /data/home/byu6130910001/htdocs/discuss/vendor/flarum/core/src/Http/Middleware/ShareErrorsFromSession.php(58): Zend\Stratigility\Next->handle(Object(Zend\Diactoros\ServerRequest))
#2 /data/home/byu6130910001/htdocs/discuss/vendor/zendframework/zend-stratigility/src/Next.php(52): Flarum\Http\Middleware\ShareErrorsFromSession->process(Object(Zend\Diactoros\ServerRequest), Object(Zend\Stratigility\Next))
#3 /data/home/byu6130910001/htdocs/discuss/vendor/flarum/core/src/Http/Middleware/SetLocale.php(51): Zend\Stratigility\Next->handle(Object(Zend\Diactoros\ServerRequest))
#4 /data/home/byu6130910001/htdocs/discuss/vendor/zendframework/zend-stratigility/src/Next.php(52): Flarum\Http\Middleware\SetLocale->process(Object(Zend\Diactoros\ServerRequest), Object(Zend\Stratigility\Next))
#5 /data/home/byu6130910001/htdocs/discuss/vendor/flarum/core/src/Http/Middleware/AuthenticateWithSession.php(34): Zend\Stratigility\Next->handle(Object(Zend\Diactoros\ServerRequest))
#6 /data/home/byu6130910001/htdocs/discuss/vendor/zendframework/zend-stratigility/src/Next.php(52): Flarum\Http\Middleware\AuthenticateWithSession->process(Object(Zend\Diactoros\ServerRequest), Object(Zend\Stratigility\Next))
#7 /data/home/byu6130910001/htdocs/discuss/vendor/flarum/core/src/Http/Middleware/RememberFromCookie.php(52): Zend\Stratigility\Next->handle(Object(Zend\Diactoros\ServerRequest))
#8 /data/home/byu6130910001/htdocs/discuss/vendor/zendframework/zend-stratigility/src/Next.php(52): Flarum\Http\Middleware\RememberFromCookie->process(Object(Zend\Diactoros\ServerRequest), Object(Zend\Stratigility\Next))
#9 /data/home/byu6130910001/htdocs/discuss/vendor/flarum/core/src/Http/Middleware/StartSession.php(62): Zend\Stratigility\Next->handle(Object(Zend\Diactoros\ServerRequest))
#10 /data/home/byu6130910001/htdocs/discuss/vendor/zendframework/zend-stratigility/src/Next.php(52): Flarum\Http\Middleware\StartSession->process(Object(Zend\Diactoros\ServerRequest), Object(Zend\Stratigility\Next))
#11 /data/home/byu6130910001/htdocs/discuss/vendor/flarum/core/src/Http/Middleware/CollectGarbage.php(48): Zend\Stratigility\Next->handle(Object(Zend\Diactoros\ServerRequest))
#12 /data/home/byu6130910001/htdocs/discuss/vendor/zendframework/zend-stratigility/src/Next.php(52): Flarum\Http\Middleware\CollectGarbage->process(Object(Zend\Diactoros\ServerRequest), Object(Zend\Stratigility\Next))
#13 /data/home/byu6130910001/htdocs/discuss/vendor/flarum/core/src/Http/Middleware/ParseJsonBody.php(29): Zend\Stratigility\Next->handle(Object(Zend\Diactoros\ServerRequest))
#14 /data/home/byu6130910001/htdocs/discuss/vendor/zendframework/zend-stratigility/src/Next.php(52): Flarum\Http\Middleware\ParseJsonBody->process(Object(Zend\Diactoros\ServerRequest), Object(Zend\Stratigility\Next))
#15 /data/home/byu6130910001/htdocs/discuss/vendor/flarum/core/src/Http/Middleware/HandleErrorsWithWhoops.php(43): Zend\Stratigility\Next->handle(Object(Zend\Diactoros\ServerRequest))
#16 /data/home/byu6130910001/htdocs/discuss/vendor/zendframework/zend-stratigility/src/Next.php(52): Flarum\Http\Middleware\HandleErrorsWithWhoops->process(Object(Zend\Diactoros\ServerRequest), Object(Zend\Stratigility\Next))
#17 /data/home/byu6130910001/htdocs/discuss/vendor/zendframework/zend-stratigility/src/MiddlewarePipe.php(83): Zend\Stratigility\Next->handle(Object(Zend\Diactoros\ServerRequest))
#18 /data/home/byu6130910001/htdocs/discuss/vendor/middlewares/request-handler/src/RequestHandler.php(84): Zend\Stratigility\MiddlewarePipe->process(Object(Zend\Diactoros\ServerRequest), Object(Zend\Stratigility\Next))
#19 /data/home/byu6130910001/htdocs/discuss/vendor/zendframework/zend-stratigility/src/Next.php(52): Middlewares\RequestHandler->process(Object(Zend\Diactoros\ServerRequest), Object(Zend\Stratigility\Next))
#20 /data/home/byu6130910001/htdocs/discuss/vendor/middlewares/base-path-router/src/BasePathRouter.php(97): Zend\Stratigility\Next->handle(Object(Zend\Diactoros\ServerRequest))
#21 /data/home/byu6130910001/htdocs/discuss/vendor/zendframework/zend-stratigility/src/Next.php(52): Middlewares\BasePathRouter->process(Object(Zend\Diactoros\ServerRequest), Object(Zend\Stratigility\Next))
#22 /data/home/byu6130910001/htdocs/discuss/vendor/middlewares/base-path/src/BasePath.php(53): Zend\Stratigility\Next->handle(Object(Zend\Diactoros\ServerRequest))
#23 /data/home/byu6130910001/htdocs/discuss/vendor/zendframework/zend-stratigility/src/Next.php(52): Middlewares\BasePath->process(Object(Zend\Diactoros\ServerRequest), Object(Zend\Stratigility\Next))
#24 /data/home/byu6130910001/htdocs/discuss/vendor/zendframework/zend-stratigility/src/MiddlewarePipe.php(83): Zend\Stratigility\Next->handle(Object(Zend\Diactoros\ServerRequest))
#25 /data/home/byu6130910001/htdocs/discuss/vendor/zendframework/zend-stratigility/src/MiddlewarePipe.php(72): Zend\Stratigility\MiddlewarePipe->process(Object(Zend\Diactoros\ServerRequest), Object(Zend\Stratigility\EmptyPipelineHandler))
#26 /data/home/byu6130910001/htdocs/discuss/vendor/zendframework/zend-httphandlerrunner/src/RequestHandlerRunner.php(95): Zend\Stratigility\MiddlewarePipe->handle(Object(Zend\Diactoros\ServerRequest))
#27 /data/home/byu6130910001/htdocs/discuss/vendor/flarum/core/src/Http/Server.php(46): Zend\HttpHandlerRunner\RequestHandlerRunner->run()
#28 /data/home/byu6130910001/htdocs/discuss/index.php(22): Flarum\Http\Server->listen()
#29 {main}  
[2019-05-06 08:08:52] production.ERROR: Flarum\Http\Exception\MethodNotAllowedException: GET in /data/home/byu6130910001/htdocs/discuss/vendor/flarum/core/src/Http/Middleware/DispatchRoute.php:62
Stack trace:
#0 /data/home/byu6130910001/htdocs/discuss/vendor/zendframework/zend-stratigility/src/Next.php(52): Flarum\Http\Middleware\DispatchRoute->process(Object(Zend\Diactoros\ServerRequest), Object(Zend\Stratigility\Next))
#1 /data/home/byu6130910001/htdocs/discuss/vendor/flarum/core/src/Http/Middleware/ShareErrorsFromSession.php(58): Zend\Stratigility\Next->handle(Object(Zend\Diactoros\ServerRequest))
#2 /data/home/byu6130910001/htdocs/discuss/vendor/zendframework/zend-stratigility/src/Next.php(52): Flarum\Http\Middleware\ShareErrorsFromSession->process(Object(Zend\Diactoros\ServerRequest), Object(Zend\Stratigility\Next))
#3 /data/home/byu6130910001/htdocs/discuss/vendor/flarum/core/src/Http/Middleware/SetLocale.php(51): Zend\Stratigility\Next->handle(Object(Zend\Diactoros\ServerRequest))
#4 /data/home/byu6130910001/htdocs/discuss/vendor/zendframework/zend-stratigility/src/Next.php(52): Flarum\Http\Middleware\SetLocale->process(Object(Zend\Diactoros\ServerRequest), Object(Zend\Stratigility\Next))
#5 /data/home/byu6130910001/htdocs/discuss/vendor/flarum/core/src/Http/Middleware/AuthenticateWithSession.php(34): Zend\Stratigility\Next->handle(Object(Zend\Diactoros\ServerRequest))
#6 /data/home/byu6130910001/htdocs/discuss/vendor/zendframework/zend-stratigility/src/Next.php(52): Flarum\Http\Middleware\AuthenticateWithSession->process(Object(Zend\Diactoros\ServerRequest), Object(Zend\Stratigility\Next))
#7 /data/home/byu6130910001/htdocs/discuss/vendor/flarum/core/src/Http/Middleware/RememberFromCookie.php(52): Zend\Stratigility\Next->handle(Object(Zend\Diactoros\ServerRequest))
#8 /data/home/byu6130910001/htdocs/discuss/vendor/zendframework/zend-stratigility/src/Next.php(52): Flarum\Http\Middleware\RememberFromCookie->process(Object(Zend\Diactoros\ServerRequest), Object(Zend\Stratigility\Next))
#9 /data/home/byu6130910001/htdocs/discuss/vendor/flarum/core/src/Http/Middleware/StartSession.php(62): Zend\Stratigility\Next->handle(Object(Zend\Diactoros\ServerRequest))
#10 /data/home/byu6130910001/htdocs/discuss/vendor/zendframework/zend-stratigility/src/Next.php(52): Flarum\Http\Middleware\StartSession->process(Object(Zend\Diactoros\ServerRequest), Object(Zend\Stratigility\Next))
#11 /data/home/byu6130910001/htdocs/discuss/vendor/flarum/core/src/Http/Middleware/CollectGarbage.php(48): Zend\Stratigility\Next->handle(Object(Zend\Diactoros\ServerRequest))
#12 /data/home/byu6130910001/htdocs/discuss/vendor/zendframework/zend-stratigility/src/Next.php(52): Flarum\Http\Middleware\CollectGarbage->process(Object(Zend\Diactoros\ServerRequest), Object(Zend\Stratigility\Next))
#13 /data/home/byu6130910001/htdocs/discuss/vendor/flarum/core/src/Http/Middleware/ParseJsonBody.php(29): Zend\Stratigility\Next->handle(Object(Zend\Diactoros\ServerRequest))
#14 /data/home/byu6130910001/htdocs/discuss/vendor/zendframework/zend-stratigility/src/Next.php(52): Flarum\Http\Middleware\ParseJsonBody->process(Object(Zend\Diactoros\ServerRequest), Object(Zend\Stratigility\Next))
#15 /data/home/byu6130910001/htdocs/discuss/vendor/flarum/core/src/Http/Middleware/HandleErrorsWithWhoops.php(43): Zend\Stratigility\Next->handle(Object(Zend\Diactoros\ServerRequest))
#16 /data/home/byu6130910001/htdocs/discuss/vendor/zendframework/zend-stratigility/src/Next.php(52): Flarum\Http\Middleware\HandleErrorsWithWhoops->process(Object(Zend\Diactoros\ServerRequest), Object(Zend\Stratigility\Next))
#17 /data/home/byu6130910001/htdocs/discuss/vendor/zendframework/zend-stratigility/src/MiddlewarePipe.php(83): Zend\Stratigility\Next->handle(Object(Zend\Diactoros\ServerRequest))
#18 /data/home/byu6130910001/htdocs/discuss/vendor/middlewares/request-handler/src/RequestHandler.php(84): Zend\Stratigility\MiddlewarePipe->process(Object(Zend\Diactoros\ServerRequest), Object(Zend\Stratigility\Next))
#19 /data/home/byu6130910001/htdocs/discuss/vendor/zendframework/zend-stratigility/src/Next.php(52): Middlewares\RequestHandler->process(Object(Zend\Diactoros\ServerRequest), Object(Zend\Stratigility\Next))
#20 /data/home/byu6130910001/htdocs/discuss/vendor/middlewares/base-path-router/src/BasePathRouter.php(97): Zend\Stratigility\Next->handle(Object(Zend\Diactoros\ServerRequest))
#21 /data/home/byu6130910001/htdocs/discuss/vendor/zendframework/zend-stratigility/src/Next.php(52): Middlewares\BasePathRouter->process(Object(Zend\Diactoros\ServerRequest), Object(Zend\Stratigility\Next))
#22 /data/home/byu6130910001/htdocs/discuss/vendor/middlewares/base-path/src/BasePath.php(53): Zend\Stratigility\Next->handle(Object(Zend\Diactoros\ServerRequest))
#23 /data/home/byu6130910001/htdocs/discuss/vendor/zendframework/zend-stratigility/src/Next.php(52): Middlewares\BasePath->process(Object(Zend\Diactoros\ServerRequest), Object(Zend\Stratigility\Next))
#24 /data/home/byu6130910001/htdocs/discuss/vendor/zendframework/zend-stratigility/src/MiddlewarePipe.php(83): Zend\Stratigility\Next->handle(Object(Zend\Diactoros\ServerRequest))
#25 /data/home/byu6130910001/htdocs/discuss/vendor/zendframework/zend-stratigility/src/MiddlewarePipe.php(72): Zend\Stratigility\MiddlewarePipe->process(Object(Zend\Diactoros\ServerRequest), Object(Zend\Stratigility\EmptyPipelineHandler))
#26 /data/home/byu6130910001/htdocs/discuss/vendor/zendframework/zend-httphandlerrunner/src/RequestHandlerRunner.php(95): Zend\Stratigility\MiddlewarePipe->handle(Object(Zend\Diactoros\ServerRequest))
#27 /data/home/byu6130910001/htdocs/discuss/vendor/flarum/core/src/Http/Server.php(46): Zend\HttpHandlerRunner\RequestHandlerRunner->run()
#28 /data/home/byu6130910001/htdocs/discuss/index.php(22): Flarum\Http\Server->listen()
#29 {main}  
