[2019-06-05 16:52:45] production.ERROR: RuntimeException: Cannot retrieve stream due to upload error: The uploaded file was only partially uploaded in /data/home/byu6130910001/htdocs/discuss/vendor/zendframework/zend-diactoros/src/UploadedFile.php:186
Stack trace:
#0 /data/home/byu6130910001/htdocs/discuss/vendor/flarum/core/src/User/Command/UploadAvatarHandler.php(84): Zend\Diactoros\UploadedFile->moveTo('/data/home/byu6...')
#1 /data/home/byu6130910001/htdocs/discuss/vendor/illuminate/bus/Dispatcher.php(90): Flarum\User\Command\UploadAvatarHandler->handle(Object(Flarum\User\Command\UploadAvatar))
#2 /data/home/byu6130910001/htdocs/discuss/vendor/illuminate/pipeline/Pipeline.php(114): Illuminate\Bus\Dispatcher->Illuminate\Bus\{closure}(Object(Flarum\User\Command\UploadAvatar))
#3 /data/home/byu6130910001/htdocs/discuss/vendor/illuminate/pipeline/Pipeline.php(102): Illuminate\Pipeline\Pipeline->Illuminate\Pipeline\{closure}(Object(Flarum\User\Command\UploadAvatar))
#4 /data/home/byu6130910001/htdocs/discuss/vendor/illuminate/bus/Dispatcher.php(98): Illuminate\Pipeline\Pipeline->then(Object(Closure))
#5 /data/home/byu6130910001/htdocs/discuss/vendor/illuminate/bus/Dispatcher.php(76): Illuminate\Bus\Dispatcher->dispatchNow(Object(Flarum\User\Command\UploadAvatar))
#6 /data/home/byu6130910001/htdocs/discuss/vendor/flarum/core/src/Api/Controller/UploadAvatarController.php(50): Illuminate\Bus\Dispatcher->dispatch(Object(Flarum\User\Command\UploadAvatar))
#7 /data/home/byu6130910001/htdocs/discuss/vendor/flarum/core/src/Api/Controller/AbstractSerializeController.php(98): Flarum\Api\Controller\UploadAvatarController->data(Object(Zend\Diactoros\ServerRequest), Object(Tobscure\JsonApi\Document))
#8 /data/home/byu6130910001/htdocs/discuss/vendor/flarum/core/src/Http/RouteHandlerFactory.php(40): Flarum\Api\Controller\AbstractSerializeController->handle(Object(Zend\Diactoros\ServerRequest))
#9 /data/home/byu6130910001/htdocs/discuss/vendor/flarum/core/src/Http/Middleware/DispatchRoute.php(67): Flarum\Http\RouteHandlerFactory->Flarum\Http\{closure}(Object(Zend\Diactoros\ServerRequest), Array)
#10 /data/home/byu6130910001/htdocs/discuss/vendor/zendframework/zend-stratigility/src/Next.php(52): Flarum\Http\Middleware\DispatchRoute->process(Object(Zend\Diactoros\ServerRequest), Object(Closure))
#11 /data/home/byu6130910001/htdocs/discuss/vendor/flarum/core/src/Http/Middleware/SetLocale.php(51): Zend\Stratigility\Next->handle(Object(Zend\Diactoros\ServerRequest))
#12 /data/home/byu6130910001/htdocs/discuss/vendor/zendframework/zend-stratigility/src/Next.php(52): Flarum\Http\Middleware\SetLocale->process(Object(Zend\Diactoros\ServerRequest), Object(Zend\Stratigility\Next))
#13 /data/home/byu6130910001/htdocs/discuss/vendor/flarum/core/src/Http/Middleware/AuthenticateWithHeader.php(55): Zend\Stratigility\Next->handle(Object(Zend\Diactoros\ServerRequest))
#14 /data/home/byu6130910001/htdocs/discuss/vendor/zendframework/zend-stratigility/src/Next.php(52): Flarum\Http\Middleware\AuthenticateWithHeader->process(Object(Zend\Diactoros\ServerRequest), Object(Zend\Stratigility\Next))
#15 /data/home/byu6130910001/htdocs/discuss/vendor/flarum/core/src/Http/Middleware/AuthenticateWithSession.php(34): Zend\Stratigility\Next->handle(Object(Zend\Diactoros\ServerRequest))
#16 /data/home/byu6130910001/htdocs/discuss/vendor/zendframework/zend-stratigility/src/Next.php(52): Flarum\Http\Middleware\AuthenticateWithSession->process(Object(Zend\Diactoros\ServerRequest), Object(Zend\Stratigility\Next))
#17 /data/home/byu6130910001/htdocs/discuss/vendor/flarum/core/src/Http/Middleware/RememberFromCookie.php(52): Zend\Stratigility\Next->handle(Object(Zend\Diactoros\ServerRequest))
#18 /data/home/byu6130910001/htdocs/discuss/vendor/zendframework/zend-stratigility/src/Next.php(52): Flarum\Http\Middleware\RememberFromCookie->process(Object(Zend\Diactoros\ServerRequest), Object(Zend\Stratigility\Next))
#19 /data/home/byu6130910001/htdocs/discuss/vendor/flarum/core/src/Http/Middleware/StartSession.php(62): Zend\Stratigility\Next->handle(Object(Zend\Diactoros\ServerRequest))
#20 /data/home/byu6130910001/htdocs/discuss/vendor/zendframework/zend-stratigility/src/Next.php(52): Flarum\Http\Middleware\StartSession->process(Object(Zend\Diactoros\ServerRequest), Object(Zend\Stratigility\Next))
#21 /data/home/byu6130910001/htdocs/discuss/vendor/flarum/core/src/Api/Middleware/FakeHttpMethods.php(31): Zend\Stratigility\Next->handle(Object(Zend\Diactoros\ServerRequest))
#22 /data/home/byu6130910001/htdocs/discuss/vendor/zendframework/zend-stratigility/src/Next.php(52): Flarum\Api\Middleware\FakeHttpMethods->process(Object(Zend\Diactoros\ServerRequest), Object(Zend\Stratigility\Next))
#23 /data/home/byu6130910001/htdocs/discuss/vendor/flarum/core/src/Http/Middleware/ParseJsonBody.php(29): Zend\Stratigility\Next->handle(Object(Zend\Diactoros\ServerRequest))
#24 /data/home/byu6130910001/htdocs/discuss/vendor/zendframework/zend-stratigility/src/Next.php(52): Flarum\Http\Middleware\ParseJsonBody->process(Object(Zend\Diactoros\ServerRequest), Object(Zend\Stratigility\Next))
#25 /data/home/byu6130910001/htdocs/discuss/vendor/flarum/core/src/Api/Middleware/HandleErrors.php(42): Zend\Stratigility\Next->handle(Object(Zend\Diactoros\ServerRequest))
#26 /data/home/byu6130910001/htdocs/discuss/vendor/zendframework/zend-stratigility/src/Next.php(52): Flarum\Api\Middleware\HandleErrors->process(Object(Zend\Diactoros\ServerRequest), Object(Zend\Stratigility\Next))
#27 /data/home/byu6130910001/htdocs/discuss/vendor/zendframework/zend-stratigility/src/MiddlewarePipe.php(83): Zend\Stratigility\Next->handle(Object(Zend\Diactoros\ServerRequest))
#28 /data/home/byu6130910001/htdocs/discuss/vendor/middlewares/request-handler/src/RequestHandler.php(84): Zend\Stratigility\MiddlewarePipe->process(Object(Zend\Diactoros\ServerRequest), Object(Zend\Stratigility\Next))
#29 /data/home/byu6130910001/htdocs/discuss/vendor/zendframework/zend-stratigility/src/Next.php(52): Middlewares\RequestHandler->process(Object(Zend\Diactoros\ServerRequest), Object(Zend\Stratigility\Next))
#30 /data/home/byu6130910001/htdocs/discuss/vendor/middlewares/base-path-router/src/BasePathRouter.php(97): Zend\Stratigility\Next->handle(Object(Zend\Diactoros\ServerRequest))
#31 /data/home/byu6130910001/htdocs/discuss/vendor/zendframework/zend-stratigility/src/Next.php(52): Middlewares\BasePathRouter->process(Object(Zend\Diactoros\ServerRequest), Object(Zend\Stratigility\Next))
#32 /data/home/byu6130910001/htdocs/discuss/vendor/middlewares/base-path/src/BasePath.php(53): Zend\Stratigility\Next->handle(Object(Zend\Diactoros\ServerRequest))
#33 /data/home/byu6130910001/htdocs/discuss/vendor/zendframework/zend-stratigility/src/Next.php(52): Middlewares\BasePath->process(Object(Zend\Diactoros\ServerRequest), Object(Zend\Stratigility\Next))
#34 /data/home/byu6130910001/htdocs/discuss/vendor/zendframework/zend-stratigility/src/MiddlewarePipe.php(83): Zend\Stratigility\Next->handle(Object(Zend\Diactoros\ServerRequest))
#35 /data/home/byu6130910001/htdocs/discuss/vendor/zendframework/zend-stratigility/src/MiddlewarePipe.php(72): Zend\Stratigility\MiddlewarePipe->process(Object(Zend\Diactoros\ServerRequest), Object(Zend\Stratigility\EmptyPipelineHandler))
#36 /data/home/byu6130910001/htdocs/discuss/vendor/zendframework/zend-httphandlerrunner/src/RequestHandlerRunner.php(95): Zend\Stratigility\MiddlewarePipe->handle(Object(Zend\Diactoros\ServerRequest))
#37 /data/home/byu6130910001/htdocs/discuss/vendor/flarum/core/src/Http/Server.php(46): Zend\HttpHandlerRunner\RequestHandlerRunner->run()
#38 /data/home/byu6130910001/htdocs/discuss/index.php(22): Flarum\Http\Server->listen()
#39 {main}  
[2019-06-05 16:52:55] production.ERROR: RuntimeException: Cannot retrieve stream due to upload error: The uploaded file was only partially uploaded in /data/home/byu6130910001/htdocs/discuss/vendor/zendframework/zend-diactoros/src/UploadedFile.php:186
Stack trace:
#0 /data/home/byu6130910001/htdocs/discuss/vendor/flarum/core/src/User/Command/UploadAvatarHandler.php(84): Zend\Diactoros\UploadedFile->moveTo('/data/home/byu6...')
#1 /data/home/byu6130910001/htdocs/discuss/vendor/illuminate/bus/Dispatcher.php(90): Flarum\User\Command\UploadAvatarHandler->handle(Object(Flarum\User\Command\UploadAvatar))
#2 /data/home/byu6130910001/htdocs/discuss/vendor/illuminate/pipeline/Pipeline.php(114): Illuminate\Bus\Dispatcher->Illuminate\Bus\{closure}(Object(Flarum\User\Command\UploadAvatar))
#3 /data/home/byu6130910001/htdocs/discuss/vendor/illuminate/pipeline/Pipeline.php(102): Illuminate\Pipeline\Pipeline->Illuminate\Pipeline\{closure}(Object(Flarum\User\Command\UploadAvatar))
#4 /data/home/byu6130910001/htdocs/discuss/vendor/illuminate/bus/Dispatcher.php(98): Illuminate\Pipeline\Pipeline->then(Object(Closure))
#5 /data/home/byu6130910001/htdocs/discuss/vendor/illuminate/bus/Dispatcher.php(76): Illuminate\Bus\Dispatcher->dispatchNow(Object(Flarum\User\Command\UploadAvatar))
#6 /data/home/byu6130910001/htdocs/discuss/vendor/flarum/core/src/Api/Controller/UploadAvatarController.php(50): Illuminate\Bus\Dispatcher->dispatch(Object(Flarum\User\Command\UploadAvatar))
#7 /data/home/byu6130910001/htdocs/discuss/vendor/flarum/core/src/Api/Controller/AbstractSerializeController.php(98): Flarum\Api\Controller\UploadAvatarController->data(Object(Zend\Diactoros\ServerRequest), Object(Tobscure\JsonApi\Document))
#8 /data/home/byu6130910001/htdocs/discuss/vendor/flarum/core/src/Http/RouteHandlerFactory.php(40): Flarum\Api\Controller\AbstractSerializeController->handle(Object(Zend\Diactoros\ServerRequest))
#9 /data/home/byu6130910001/htdocs/discuss/vendor/flarum/core/src/Http/Middleware/DispatchRoute.php(67): Flarum\Http\RouteHandlerFactory->Flarum\Http\{closure}(Object(Zend\Diactoros\ServerRequest), Array)
#10 /data/home/byu6130910001/htdocs/discuss/vendor/zendframework/zend-stratigility/src/Next.php(52): Flarum\Http\Middleware\DispatchRoute->process(Object(Zend\Diactoros\ServerRequest), Object(Closure))
#11 /data/home/byu6130910001/htdocs/discuss/vendor/flarum/core/src/Http/Middleware/SetLocale.php(51): Zend\Stratigility\Next->handle(Object(Zend\Diactoros\ServerRequest))
#12 /data/home/byu6130910001/htdocs/discuss/vendor/zendframework/zend-stratigility/src/Next.php(52): Flarum\Http\Middleware\SetLocale->process(Object(Zend\Diactoros\ServerRequest), Object(Zend\Stratigility\Next))
#13 /data/home/byu6130910001/htdocs/discuss/vendor/flarum/core/src/Http/Middleware/AuthenticateWithHeader.php(55): Zend\Stratigility\Next->handle(Object(Zend\Diactoros\ServerRequest))
#14 /data/home/byu6130910001/htdocs/discuss/vendor/zendframework/zend-stratigility/src/Next.php(52): Flarum\Http\Middleware\AuthenticateWithHeader->process(Object(Zend\Diactoros\ServerRequest), Object(Zend\Stratigility\Next))
#15 /data/home/byu6130910001/htdocs/discuss/vendor/flarum/core/src/Http/Middleware/AuthenticateWithSession.php(34): Zend\Stratigility\Next->handle(Object(Zend\Diactoros\ServerRequest))
#16 /data/home/byu6130910001/htdocs/discuss/vendor/zendframework/zend-stratigility/src/Next.php(52): Flarum\Http\Middleware\AuthenticateWithSession->process(Object(Zend\Diactoros\ServerRequest), Object(Zend\Stratigility\Next))
#17 /data/home/byu6130910001/htdocs/discuss/vendor/flarum/core/src/Http/Middleware/RememberFromCookie.php(52): Zend\Stratigility\Next->handle(Object(Zend\Diactoros\ServerRequest))
#18 /data/home/byu6130910001/htdocs/discuss/vendor/zendframework/zend-stratigility/src/Next.php(52): Flarum\Http\Middleware\RememberFromCookie->process(Object(Zend\Diactoros\ServerRequest), Object(Zend\Stratigility\Next))
#19 /data/home/byu6130910001/htdocs/discuss/vendor/flarum/core/src/Http/Middleware/StartSession.php(62): Zend\Stratigility\Next->handle(Object(Zend\Diactoros\ServerRequest))
#20 /data/home/byu6130910001/htdocs/discuss/vendor/zendframework/zend-stratigility/src/Next.php(52): Flarum\Http\Middleware\StartSession->process(Object(Zend\Diactoros\ServerRequest), Object(Zend\Stratigility\Next))
#21 /data/home/byu6130910001/htdocs/discuss/vendor/flarum/core/src/Api/Middleware/FakeHttpMethods.php(31): Zend\Stratigility\Next->handle(Object(Zend\Diactoros\ServerRequest))
#22 /data/home/byu6130910001/htdocs/discuss/vendor/zendframework/zend-stratigility/src/Next.php(52): Flarum\Api\Middleware\FakeHttpMethods->process(Object(Zend\Diactoros\ServerRequest), Object(Zend\Stratigility\Next))
#23 /data/home/byu6130910001/htdocs/discuss/vendor/flarum/core/src/Http/Middleware/ParseJsonBody.php(29): Zend\Stratigility\Next->handle(Object(Zend\Diactoros\ServerRequest))
#24 /data/home/byu6130910001/htdocs/discuss/vendor/zendframework/zend-stratigility/src/Next.php(52): Flarum\Http\Middleware\ParseJsonBody->process(Object(Zend\Diactoros\ServerRequest), Object(Zend\Stratigility\Next))
#25 /data/home/byu6130910001/htdocs/discuss/vendor/flarum/core/src/Api/Middleware/HandleErrors.php(42): Zend\Stratigility\Next->handle(Object(Zend\Diactoros\ServerRequest))
#26 /data/home/byu6130910001/htdocs/discuss/vendor/zendframework/zend-stratigility/src/Next.php(52): Flarum\Api\Middleware\HandleErrors->process(Object(Zend\Diactoros\ServerRequest), Object(Zend\Stratigility\Next))
#27 /data/home/byu6130910001/htdocs/discuss/vendor/zendframework/zend-stratigility/src/MiddlewarePipe.php(83): Zend\Stratigility\Next->handle(Object(Zend\Diactoros\ServerRequest))
#28 /data/home/byu6130910001/htdocs/discuss/vendor/middlewares/request-handler/src/RequestHandler.php(84): Zend\Stratigility\MiddlewarePipe->process(Object(Zend\Diactoros\ServerRequest), Object(Zend\Stratigility\Next))
#29 /data/home/byu6130910001/htdocs/discuss/vendor/zendframework/zend-stratigility/src/Next.php(52): Middlewares\RequestHandler->process(Object(Zend\Diactoros\ServerRequest), Object(Zend\Stratigility\Next))
#30 /data/home/byu6130910001/htdocs/discuss/vendor/middlewares/base-path-router/src/BasePathRouter.php(97): Zend\Stratigility\Next->handle(Object(Zend\Diactoros\ServerRequest))
#31 /data/home/byu6130910001/htdocs/discuss/vendor/zendframework/zend-stratigility/src/Next.php(52): Middlewares\BasePathRouter->process(Object(Zend\Diactoros\ServerRequest), Object(Zend\Stratigility\Next))
#32 /data/home/byu6130910001/htdocs/discuss/vendor/middlewares/base-path/src/BasePath.php(53): Zend\Stratigility\Next->handle(Object(Zend\Diactoros\ServerRequest))
#33 /data/home/byu6130910001/htdocs/discuss/vendor/zendframework/zend-stratigility/src/Next.php(52): Middlewares\BasePath->process(Object(Zend\Diactoros\ServerRequest), Object(Zend\Stratigility\Next))
#34 /data/home/byu6130910001/htdocs/discuss/vendor/zendframework/zend-stratigility/src/MiddlewarePipe.php(83): Zend\Stratigility\Next->handle(Object(Zend\Diactoros\ServerRequest))
#35 /data/home/byu6130910001/htdocs/discuss/vendor/zendframework/zend-stratigility/src/MiddlewarePipe.php(72): Zend\Stratigility\MiddlewarePipe->process(Object(Zend\Diactoros\ServerRequest), Object(Zend\Stratigility\EmptyPipelineHandler))
#36 /data/home/byu6130910001/htdocs/discuss/vendor/zendframework/zend-httphandlerrunner/src/RequestHandlerRunner.php(95): Zend\Stratigility\MiddlewarePipe->handle(Object(Zend\Diactoros\ServerRequest))
#37 /data/home/byu6130910001/htdocs/discuss/vendor/flarum/core/src/Http/Server.php(46): Zend\HttpHandlerRunner\RequestHandlerRunner->run()
#38 /data/home/byu6130910001/htdocs/discuss/index.php(22): Flarum\Http\Server->listen()
#39 {main}  
